<?xml version="1.0" encoding="UTF-8"?>
<coverage generated="1670898004">
  <project timestamp="1670898004">
    <file name="/home/mustika/code/last-training/app/Console/Kernel.php">
      <class name="App\Console\Kernel" namespace="global">
        <metrics complexity="2" methods="2" coveredmethods="1" conditionals="0" coveredconditionals="0" statements="3" coveredstatements="2" elements="5" coveredelements="3"/>
      </class>
      <line num="16" type="method" name="schedule" visibility="protected" complexity="1" crap="2" count="0"/>
      <line num="19" type="stmt" count="0"/>
      <line num="26" type="method" name="commands" visibility="protected" complexity="1" crap="1" count="74"/>
      <line num="28" type="stmt" count="74"/>
      <line num="30" type="stmt" count="74"/>
      <metrics loc="33" ncloc="21" classes="1" methods="2" coveredmethods="1" conditionals="0" coveredconditionals="0" statements="3" coveredstatements="2" elements="5" coveredelements="3"/>
    </file>
    <file name="/home/mustika/code/last-training/app/Exceptions/Handler.php">
      <class name="App\Exceptions\Handler" namespace="global">
        <metrics complexity="1" methods="1" coveredmethods="1" conditionals="0" coveredconditionals="0" statements="1" coveredstatements="1" elements="2" coveredelements="2"/>
      </class>
      <line num="44" type="method" name="register" visibility="public" complexity="1" crap="1" count="74"/>
      <line num="46" type="stmt" count="74"/>
      <metrics loc="51" ncloc="30" classes="1" methods="1" coveredmethods="1" conditionals="0" coveredconditionals="0" statements="1" coveredstatements="1" elements="2" coveredelements="2"/>
    </file>
    <file name="/home/mustika/code/last-training/app/Filament/Resources/BrandResource.php">
      <class name="App\Filament\Resources\BrandResource" namespace="global">
        <metrics complexity="5" methods="4" coveredmethods="4" conditionals="0" coveredconditionals="0" statements="61" coveredstatements="61" elements="65" coveredelements="65"/>
      </class>
      <line num="31" type="method" name="form" visibility="public" complexity="2" crap="2" count="8"/>
      <line num="34" type="stmt" count="8"/>
      <line num="35" type="stmt" count="8"/>
      <line num="36" type="stmt" count="8"/>
      <line num="37" type="stmt" count="8"/>
      <line num="38" type="stmt" count="8"/>
      <line num="39" type="stmt" count="8"/>
      <line num="40" type="stmt" count="8"/>
      <line num="41" type="stmt" count="8"/>
      <line num="42" type="stmt" count="8"/>
      <line num="43" type="stmt" count="8"/>
      <line num="44" type="stmt" count="5"/>
      <line num="47" type="stmt" count="8"/>
      <line num="48" type="stmt" count="8"/>
      <line num="49" type="stmt" count="8"/>
      <line num="51" type="stmt" count="8"/>
      <line num="52" type="stmt" count="8"/>
      <line num="53" type="stmt" count="8"/>
      <line num="54" type="stmt" count="8"/>
      <line num="56" type="stmt" count="8"/>
      <line num="57" type="stmt" count="8"/>
      <line num="58" type="stmt" count="8"/>
      <line num="59" type="stmt" count="8"/>
      <line num="61" type="stmt" count="8"/>
      <line num="62" type="stmt" count="8"/>
      <line num="64" type="stmt" count="8"/>
      <line num="65" type="stmt" count="8"/>
      <line num="66" type="stmt" count="8"/>
      <line num="67" type="stmt" count="8"/>
      <line num="71" type="stmt" count="8"/>
      <line num="72" type="stmt" count="8"/>
      <line num="73" type="stmt" count="8"/>
      <line num="74" type="stmt" count="8"/>
      <line num="75" type="stmt" count="3"/>
      <line num="78" type="stmt" count="8"/>
      <line num="79" type="stmt" count="8"/>
      <line num="80" type="stmt" count="8"/>
      <line num="81" type="stmt" count="3"/>
      <line num="85" type="stmt" count="8"/>
      <line num="86" type="stmt" count="8"/>
      <line num="93" type="method" name="table" visibility="public" complexity="1" crap="1" count="3"/>
      <line num="96" type="stmt" count="3"/>
      <line num="97" type="stmt" count="3"/>
      <line num="98" type="stmt" count="3"/>
      <line num="99" type="stmt" count="3"/>
      <line num="101" type="stmt" count="3"/>
      <line num="102" type="stmt" count="3"/>
      <line num="104" type="stmt" count="3"/>
      <line num="105" type="stmt" count="3"/>
      <line num="106" type="stmt" count="3"/>
      <line num="108" type="stmt" count="3"/>
      <line num="109" type="stmt" count="3"/>
      <line num="110" type="stmt" count="3"/>
      <line num="112" type="stmt" count="3"/>
      <line num="115" type="stmt" count="3"/>
      <line num="117" type="stmt" count="3"/>
      <line num="119" type="stmt" count="3"/>
      <line num="120" type="stmt" count="3"/>
      <line num="125" type="method" name="getRelations" visibility="public" complexity="1" crap="1" count="74"/>
      <line num="128" type="stmt" count="74"/>
      <line num="132" type="method" name="getPages" visibility="public" complexity="1" crap="1" count="74"/>
      <line num="135" type="stmt" count="74"/>
      <line num="136" type="stmt" count="74"/>
      <line num="137" type="stmt" count="74"/>
      <line num="138" type="stmt" count="74"/>
      <metrics loc="142" ncloc="142" classes="1" methods="4" coveredmethods="4" conditionals="0" coveredconditionals="0" statements="61" coveredstatements="61" elements="65" coveredelements="65"/>
    </file>
    <file name="/home/mustika/code/last-training/app/Filament/Resources/BrandResource/Pages/CreateBrand.php">
      <class name="App\Filament\Resources\BrandResource\Pages\CreateBrand" namespace="global">
        <metrics complexity="0" methods="0" coveredmethods="0" conditionals="0" coveredconditionals="0" statements="0" coveredstatements="0" elements="0" coveredelements="0"/>
      </class>
      <metrics loc="13" ncloc="13" classes="0" methods="0" coveredmethods="0" conditionals="0" coveredconditionals="0" statements="0" coveredstatements="0" elements="0" coveredelements="0"/>
    </file>
    <file name="/home/mustika/code/last-training/app/Filament/Resources/BrandResource/Pages/EditBrand.php">
      <class name="App\Filament\Resources\BrandResource\Pages\EditBrand" namespace="global">
        <metrics complexity="1" methods="1" coveredmethods="1" conditionals="0" coveredconditionals="0" statements="1" coveredstatements="1" elements="2" coveredelements="2"/>
      </class>
      <line num="13" type="method" name="getActions" visibility="protected" complexity="1" crap="1" count="3"/>
      <line num="16" type="stmt" count="3"/>
      <metrics loc="20" ncloc="20" classes="1" methods="1" coveredmethods="1" conditionals="0" coveredconditionals="0" statements="1" coveredstatements="1" elements="2" coveredelements="2"/>
    </file>
    <file name="/home/mustika/code/last-training/app/Filament/Resources/BrandResource/Pages/ListBrands.php">
      <class name="App\Filament\Resources\BrandResource\Pages\ListBrands" namespace="global">
        <metrics complexity="1" methods="1" coveredmethods="1" conditionals="0" coveredconditionals="0" statements="1" coveredstatements="1" elements="2" coveredelements="2"/>
      </class>
      <line num="13" type="method" name="getActions" visibility="protected" complexity="1" crap="1" count="3"/>
      <line num="16" type="stmt" count="3"/>
      <metrics loc="20" ncloc="20" classes="1" methods="1" coveredmethods="1" conditionals="0" coveredconditionals="0" statements="1" coveredstatements="1" elements="2" coveredelements="2"/>
    </file>
    <file name="/home/mustika/code/last-training/app/Filament/Resources/BrandResource/Pages/ViewBrand.php">
      <class name="App\Filament\Resources\BrandResource\Pages\ViewBrand" namespace="global">
        <metrics complexity="0" methods="0" coveredmethods="0" conditionals="0" coveredconditionals="0" statements="0" coveredstatements="0" elements="0" coveredelements="0"/>
      </class>
      <metrics loc="13" ncloc="13" classes="0" methods="0" coveredmethods="0" conditionals="0" coveredconditionals="0" statements="0" coveredstatements="0" elements="0" coveredelements="0"/>
    </file>
    <file name="/home/mustika/code/last-training/app/Filament/Resources/BrandResource/RelationManagers/ProductsRelationManager.php">
      <class name="App\Filament\Resources\BrandResource\RelationManagers\ProductsRelationManager" namespace="global">
        <metrics complexity="2" methods="2" coveredmethods="2" conditionals="0" coveredconditionals="0" statements="35" coveredstatements="35" elements="37" coveredelements="37"/>
      </class>
      <line num="20" type="method" name="form" visibility="public" complexity="1" crap="1" count="3"/>
      <line num="23" type="stmt" count="3"/>
      <line num="24" type="stmt" count="3"/>
      <line num="25" type="stmt" count="3"/>
      <line num="26" type="stmt" count="3"/>
      <line num="31" type="method" name="table" visibility="public" complexity="1" crap="1" count="3"/>
      <line num="34" type="stmt" count="3"/>
      <line num="35" type="stmt" count="3"/>
      <line num="36" type="stmt" count="3"/>
      <line num="37" type="stmt" count="3"/>
      <line num="38" type="stmt" count="3"/>
      <line num="39" type="stmt" count="3"/>
      <line num="40" type="stmt" count="3"/>
      <line num="41" type="stmt" count="3"/>
      <line num="42" type="stmt" count="3"/>
      <line num="43" type="stmt" count="3"/>
      <line num="44" type="stmt" count="3"/>
      <line num="45" type="stmt" count="3"/>
      <line num="46" type="stmt" count="3"/>
      <line num="47" type="stmt" count="3"/>
      <line num="48" type="stmt" count="3"/>
      <line num="49" type="stmt" count="3"/>
      <line num="50" type="stmt" count="3"/>
      <line num="51" type="stmt" count="3"/>
      <line num="52" type="stmt" count="3"/>
      <line num="53" type="stmt" count="3"/>
      <line num="54" type="stmt" count="3"/>
      <line num="55" type="stmt" count="3"/>
      <line num="56" type="stmt" count="3"/>
      <line num="58" type="stmt" count="3"/>
      <line num="61" type="stmt" count="3"/>
      <line num="62" type="stmt" count="3"/>
      <line num="64" type="stmt" count="3"/>
      <line num="65" type="stmt" count="3"/>
      <line num="66" type="stmt" count="3"/>
      <line num="68" type="stmt" count="3"/>
      <line num="69" type="stmt" count="3"/>
      <metrics loc="74" ncloc="74" classes="1" methods="2" coveredmethods="2" conditionals="0" coveredconditionals="0" statements="35" coveredstatements="35" elements="37" coveredelements="37"/>
    </file>
    <file name="/home/mustika/code/last-training/app/Filament/Resources/CategoryResource.php">
      <class name="App\Filament\Resources\CategoryResource" namespace="global">
        <metrics complexity="5" methods="4" coveredmethods="4" conditionals="0" coveredconditionals="0" statements="53" coveredstatements="53" elements="57" coveredelements="57"/>
      </class>
      <line num="32" type="method" name="form" visibility="public" complexity="2" crap="2" count="9"/>
      <line num="35" type="stmt" count="9"/>
      <line num="37" type="stmt" count="9"/>
      <line num="38" type="stmt" count="9"/>
      <line num="39" type="stmt" count="9"/>
      <line num="40" type="stmt" count="9"/>
      <line num="42" type="stmt" count="9"/>
      <line num="43" type="stmt" count="9"/>
      <line num="44" type="stmt" count="9"/>
      <line num="45" type="stmt" count="9"/>
      <line num="46" type="stmt" count="4"/>
      <line num="49" type="stmt" count="9"/>
      <line num="50" type="stmt" count="9"/>
      <line num="51" type="stmt" count="9"/>
      <line num="52" type="stmt" count="9"/>
      <line num="53" type="stmt" count="9"/>
      <line num="55" type="stmt" count="9"/>
      <line num="56" type="stmt" count="9"/>
      <line num="57" type="stmt" count="9"/>
      <line num="59" type="stmt" count="9"/>
      <line num="60" type="stmt" count="9"/>
      <line num="62" type="stmt" count="9"/>
      <line num="63" type="stmt" count="9"/>
      <line num="65" type="stmt" count="9"/>
      <line num="66" type="stmt" count="9"/>
      <line num="67" type="stmt" count="9"/>
      <line num="68" type="stmt" count="9"/>
      <line num="69" type="stmt" count="5"/>
      <line num="71" type="stmt" count="9"/>
      <line num="72" type="stmt" count="9"/>
      <line num="73" type="stmt" count="9"/>
      <line num="74" type="stmt" count="5"/>
      <line num="76" type="stmt" count="9"/>
      <line num="77" type="stmt" count="9"/>
      <line num="84" type="method" name="table" visibility="public" complexity="1" crap="1" count="5"/>
      <line num="87" type="stmt" count="5"/>
      <line num="88" type="stmt" count="5"/>
      <line num="89" type="stmt" count="5"/>
      <line num="91" type="stmt" count="5"/>
      <line num="93" type="stmt" count="5"/>
      <line num="94" type="stmt" count="5"/>
      <line num="96" type="stmt" count="5"/>
      <line num="97" type="stmt" count="5"/>
      <line num="98" type="stmt" count="5"/>
      <line num="100" type="stmt" count="5"/>
      <line num="101" type="stmt" count="5"/>
      <line num="103" type="stmt" count="5"/>
      <line num="104" type="stmt" count="5"/>
      <line num="106" type="stmt" count="5"/>
      <line num="107" type="stmt" count="5"/>
      <line num="112" type="method" name="getRelations" visibility="public" complexity="1" crap="1" count="74"/>
      <line num="116" type="stmt" count="74"/>
      <line num="119" type="method" name="getPages" visibility="public" complexity="1" crap="1" count="74"/>
      <line num="122" type="stmt" count="74"/>
      <line num="123" type="stmt" count="74"/>
      <line num="124" type="stmt" count="74"/>
      <line num="125" type="stmt" count="74"/>
      <metrics loc="129" ncloc="129" classes="1" methods="4" coveredmethods="4" conditionals="0" coveredconditionals="0" statements="53" coveredstatements="53" elements="57" coveredelements="57"/>
    </file>
    <file name="/home/mustika/code/last-training/app/Filament/Resources/CategoryResource/Pages/CreateCategory.php">
      <class name="App\Filament\Resources\CategoryResource\Pages\CreateCategory" namespace="global">
        <metrics complexity="0" methods="0" coveredmethods="0" conditionals="0" coveredconditionals="0" statements="0" coveredstatements="0" elements="0" coveredelements="0"/>
      </class>
      <metrics loc="12" ncloc="12" classes="0" methods="0" coveredmethods="0" conditionals="0" coveredconditionals="0" statements="0" coveredstatements="0" elements="0" coveredelements="0"/>
    </file>
    <file name="/home/mustika/code/last-training/app/Filament/Resources/CategoryResource/Pages/EditCategory.php">
      <class name="App\Filament\Resources\CategoryResource\Pages\EditCategory" namespace="global">
        <metrics complexity="1" methods="1" coveredmethods="1" conditionals="0" coveredconditionals="0" statements="1" coveredstatements="1" elements="2" coveredelements="2"/>
      </class>
      <line num="13" type="method" name="getActions" visibility="protected" complexity="1" crap="1" count="4"/>
      <line num="16" type="stmt" count="4"/>
      <metrics loc="20" ncloc="20" classes="1" methods="1" coveredmethods="1" conditionals="0" coveredconditionals="0" statements="1" coveredstatements="1" elements="2" coveredelements="2"/>
    </file>
    <file name="/home/mustika/code/last-training/app/Filament/Resources/CategoryResource/Pages/ListCategories.php">
      <class name="App\Filament\Resources\CategoryResource\Pages\ListCategories" namespace="global">
        <metrics complexity="1" methods="1" coveredmethods="1" conditionals="0" coveredconditionals="0" statements="1" coveredstatements="1" elements="2" coveredelements="2"/>
      </class>
      <line num="13" type="method" name="getActions" visibility="protected" complexity="1" crap="1" count="5"/>
      <line num="16" type="stmt" count="5"/>
      <metrics loc="20" ncloc="20" classes="1" methods="1" coveredmethods="1" conditionals="0" coveredconditionals="0" statements="1" coveredstatements="1" elements="2" coveredelements="2"/>
    </file>
    <file name="/home/mustika/code/last-training/app/Filament/Resources/CategoryResource/Pages/ViewCategory.php">
      <class name="App\Filament\Resources\CategoryResource\Pages\ViewCategory" namespace="global">
        <metrics complexity="0" methods="0" coveredmethods="0" conditionals="0" coveredconditionals="0" statements="0" coveredstatements="0" elements="0" coveredelements="0"/>
      </class>
      <metrics loc="13" ncloc="13" classes="0" methods="0" coveredmethods="0" conditionals="0" coveredconditionals="0" statements="0" coveredstatements="0" elements="0" coveredelements="0"/>
    </file>
    <file name="/home/mustika/code/last-training/app/Filament/Resources/CustomerResource.php">
      <class name="App\Filament\Resources\CustomerResource" namespace="global">
        <metrics complexity="5" methods="4" coveredmethods="4" conditionals="0" coveredconditionals="0" statements="50" coveredstatements="50" elements="54" coveredelements="54"/>
      </class>
      <line num="27" type="method" name="form" visibility="public" complexity="2" crap="2" count="7"/>
      <line num="30" type="stmt" count="7"/>
      <line num="32" type="stmt" count="7"/>
      <line num="33" type="stmt" count="7"/>
      <line num="34" type="stmt" count="7"/>
      <line num="35" type="stmt" count="7"/>
      <line num="37" type="stmt" count="7"/>
      <line num="38" type="stmt" count="7"/>
      <line num="39" type="stmt" count="7"/>
      <line num="40" type="stmt" count="7"/>
      <line num="42" type="stmt" count="7"/>
      <line num="43" type="stmt" count="7"/>
      <line num="44" type="stmt" count="7"/>
      <line num="46" type="stmt" count="7"/>
      <line num="47" type="stmt" count="7"/>
      <line num="49" type="stmt" count="7"/>
      <line num="50" type="stmt" count="7"/>
      <line num="52" type="stmt" count="7"/>
      <line num="53" type="stmt" count="7"/>
      <line num="55" type="stmt" count="7"/>
      <line num="56" type="stmt" count="7"/>
      <line num="57" type="stmt" count="7"/>
      <line num="58" type="stmt" count="7"/>
      <line num="59" type="stmt" count="3"/>
      <line num="62" type="stmt" count="7"/>
      <line num="63" type="stmt" count="7"/>
      <line num="64" type="stmt" count="7"/>
      <line num="65" type="stmt" count="3"/>
      <line num="68" type="stmt" count="7"/>
      <line num="69" type="stmt" count="7"/>
      <line num="76" type="method" name="table" visibility="public" complexity="1" crap="1" count="4"/>
      <line num="79" type="stmt" count="4"/>
      <line num="80" type="stmt" count="4"/>
      <line num="81" type="stmt" count="4"/>
      <line num="82" type="stmt" count="4"/>
      <line num="83" type="stmt" count="4"/>
      <line num="84" type="stmt" count="4"/>
      <line num="85" type="stmt" count="4"/>
      <line num="86" type="stmt" count="4"/>
      <line num="87" type="stmt" count="4"/>
      <line num="88" type="stmt" count="4"/>
      <line num="89" type="stmt" count="4"/>
      <line num="92" type="stmt" count="4"/>
      <line num="93" type="stmt" count="4"/>
      <line num="95" type="stmt" count="4"/>
      <line num="96" type="stmt" count="4"/>
      <line num="98" type="stmt" count="4"/>
      <line num="99" type="stmt" count="4"/>
      <line num="104" type="method" name="getRelations" visibility="public" complexity="1" crap="1" count="74"/>
      <line num="108" type="stmt" count="74"/>
      <line num="111" type="method" name="getPages" visibility="public" complexity="1" crap="1" count="74"/>
      <line num="114" type="stmt" count="74"/>
      <line num="115" type="stmt" count="74"/>
      <line num="116" type="stmt" count="74"/>
      <metrics loc="120" ncloc="120" classes="1" methods="4" coveredmethods="4" conditionals="0" coveredconditionals="0" statements="50" coveredstatements="50" elements="54" coveredelements="54"/>
    </file>
    <file name="/home/mustika/code/last-training/app/Filament/Resources/CustomerResource/Pages/CreateCustomer.php">
      <class name="App\Filament\Resources\CustomerResource\Pages\CreateCustomer" namespace="global">
        <metrics complexity="0" methods="0" coveredmethods="0" conditionals="0" coveredconditionals="0" statements="0" coveredstatements="0" elements="0" coveredelements="0"/>
      </class>
      <metrics loc="13" ncloc="13" classes="0" methods="0" coveredmethods="0" conditionals="0" coveredconditionals="0" statements="0" coveredstatements="0" elements="0" coveredelements="0"/>
    </file>
    <file name="/home/mustika/code/last-training/app/Filament/Resources/CustomerResource/Pages/EditCustomer.php">
      <class name="App\Filament\Resources\CustomerResource\Pages\EditCustomer" namespace="global">
        <metrics complexity="1" methods="1" coveredmethods="1" conditionals="0" coveredconditionals="0" statements="1" coveredstatements="1" elements="2" coveredelements="2"/>
      </class>
      <line num="13" type="method" name="getActions" visibility="protected" complexity="1" crap="1" count="3"/>
      <line num="16" type="stmt" count="3"/>
      <metrics loc="20" ncloc="20" classes="1" methods="1" coveredmethods="1" conditionals="0" coveredconditionals="0" statements="1" coveredstatements="1" elements="2" coveredelements="2"/>
    </file>
    <file name="/home/mustika/code/last-training/app/Filament/Resources/CustomerResource/Pages/ListCustomers.php">
      <class name="App\Filament\Resources\CustomerResource\Pages\ListCustomers" namespace="global">
        <metrics complexity="1" methods="1" coveredmethods="1" conditionals="0" coveredconditionals="0" statements="1" coveredstatements="1" elements="2" coveredelements="2"/>
      </class>
      <line num="13" type="method" name="getActions" visibility="protected" complexity="1" crap="1" count="4"/>
      <line num="16" type="stmt" count="4"/>
      <metrics loc="20" ncloc="20" classes="1" methods="1" coveredmethods="1" conditionals="0" coveredconditionals="0" statements="1" coveredstatements="1" elements="2" coveredelements="2"/>
    </file>
    <file name="/home/mustika/code/last-training/app/Filament/Resources/ProductResource.php">
      <class name="App\Filament\Resources\ProductResource" namespace="global">
        <metrics complexity="4" methods="4" coveredmethods="4" conditionals="0" coveredconditionals="0" statements="129" coveredstatements="129" elements="133" coveredelements="133"/>
      </class>
      <line num="34" type="method" name="form" visibility="public" complexity="1" crap="1" count="25"/>
      <line num="37" type="stmt" count="25"/>
      <line num="38" type="stmt" count="25"/>
      <line num="39" type="stmt" count="25"/>
      <line num="40" type="stmt" count="25"/>
      <line num="41" type="stmt" count="25"/>
      <line num="42" type="stmt" count="25"/>
      <line num="43" type="stmt" count="25"/>
      <line num="44" type="stmt" count="25"/>
      <line num="45" type="stmt" count="25"/>
      <line num="46" type="stmt" count="12"/>
      <line num="48" type="stmt" count="25"/>
      <line num="49" type="stmt" count="25"/>
      <line num="50" type="stmt" count="25"/>
      <line num="51" type="stmt" count="25"/>
      <line num="53" type="stmt" count="25"/>
      <line num="55" type="stmt" count="25"/>
      <line num="56" type="stmt" count="25"/>
      <line num="57" type="stmt" count="25"/>
      <line num="58" type="stmt" count="25"/>
      <line num="59" type="stmt" count="25"/>
      <line num="60" type="stmt" count="25"/>
      <line num="61" type="stmt" count="25"/>
      <line num="63" type="stmt" count="25"/>
      <line num="65" type="stmt" count="25"/>
      <line num="66" type="stmt" count="25"/>
      <line num="67" type="stmt" count="25"/>
      <line num="68" type="stmt" count="25"/>
      <line num="69" type="stmt" count="25"/>
      <line num="70" type="stmt" count="25"/>
      <line num="71" type="stmt" count="25"/>
      <line num="72" type="stmt" count="25"/>
      <line num="73" type="stmt" count="25"/>
      <line num="74" type="stmt" count="25"/>
      <line num="75" type="stmt" count="25"/>
      <line num="76" type="stmt" count="25"/>
      <line num="77" type="stmt" count="25"/>
      <line num="78" type="stmt" count="25"/>
      <line num="80" type="stmt" count="25"/>
      <line num="81" type="stmt" count="25"/>
      <line num="82" type="stmt" count="25"/>
      <line num="83" type="stmt" count="25"/>
      <line num="84" type="stmt" count="25"/>
      <line num="85" type="stmt" count="25"/>
      <line num="86" type="stmt" count="25"/>
      <line num="87" type="stmt" count="25"/>
      <line num="88" type="stmt" count="25"/>
      <line num="89" type="stmt" count="25"/>
      <line num="90" type="stmt" count="25"/>
      <line num="91" type="stmt" count="25"/>
      <line num="92" type="stmt" count="25"/>
      <line num="93" type="stmt" count="25"/>
      <line num="94" type="stmt" count="25"/>
      <line num="95" type="stmt" count="25"/>
      <line num="96" type="stmt" count="25"/>
      <line num="98" type="stmt" count="25"/>
      <line num="99" type="stmt" count="25"/>
      <line num="100" type="stmt" count="25"/>
      <line num="101" type="stmt" count="25"/>
      <line num="102" type="stmt" count="25"/>
      <line num="103" type="stmt" count="25"/>
      <line num="105" type="stmt" count="25"/>
      <line num="106" type="stmt" count="25"/>
      <line num="108" type="stmt" count="25"/>
      <line num="109" type="stmt" count="25"/>
      <line num="110" type="stmt" count="25"/>
      <line num="111" type="stmt" count="25"/>
      <line num="112" type="stmt" count="25"/>
      <line num="113" type="stmt" count="25"/>
      <line num="114" type="stmt" count="25"/>
      <line num="115" type="stmt" count="25"/>
      <line num="116" type="stmt" count="25"/>
      <line num="117" type="stmt" count="25"/>
      <line num="118" type="stmt" count="25"/>
      <line num="119" type="stmt" count="25"/>
      <line num="121" type="stmt" count="25"/>
      <line num="122" type="stmt" count="25"/>
      <line num="123" type="stmt" count="25"/>
      <line num="124" type="stmt" count="25"/>
      <line num="125" type="stmt" count="25"/>
      <line num="126" type="stmt" count="25"/>
      <line num="127" type="stmt" count="25"/>
      <line num="128" type="stmt" count="25"/>
      <line num="129" type="stmt" count="25"/>
      <line num="130" type="stmt" count="25"/>
      <line num="131" type="stmt" count="25"/>
      <line num="133" type="stmt" count="25"/>
      <line num="135" type="stmt" count="25"/>
      <line num="138" type="method" name="table" visibility="public" complexity="1" crap="1" count="13"/>
      <line num="141" type="stmt" count="13"/>
      <line num="142" type="stmt" count="13"/>
      <line num="143" type="stmt" count="13"/>
      <line num="144" type="stmt" count="13"/>
      <line num="145" type="stmt" count="13"/>
      <line num="146" type="stmt" count="13"/>
      <line num="147" type="stmt" count="13"/>
      <line num="148" type="stmt" count="13"/>
      <line num="149" type="stmt" count="13"/>
      <line num="150" type="stmt" count="13"/>
      <line num="151" type="stmt" count="13"/>
      <line num="152" type="stmt" count="13"/>
      <line num="153" type="stmt" count="13"/>
      <line num="154" type="stmt" count="13"/>
      <line num="155" type="stmt" count="13"/>
      <line num="156" type="stmt" count="13"/>
      <line num="157" type="stmt" count="13"/>
      <line num="158" type="stmt" count="13"/>
      <line num="159" type="stmt" count="13"/>
      <line num="160" type="stmt" count="13"/>
      <line num="161" type="stmt" count="13"/>
      <line num="162" type="stmt" count="13"/>
      <line num="163" type="stmt" count="13"/>
      <line num="164" type="stmt" count="13"/>
      <line num="165" type="stmt" count="13"/>
      <line num="166" type="stmt" count="13"/>
      <line num="167" type="stmt" count="13"/>
      <line num="168" type="stmt" count="13"/>
      <line num="169" type="stmt" count="13"/>
      <line num="170" type="stmt" count="13"/>
      <line num="171" type="stmt" count="13"/>
      <line num="172" type="stmt" count="13"/>
      <line num="174" type="stmt" count="13"/>
      <line num="177" type="stmt" count="13"/>
      <line num="180" type="stmt" count="13"/>
      <line num="181" type="stmt" count="13"/>
      <line num="184" type="stmt" count="13"/>
      <line num="185" type="stmt" count="13"/>
      <line num="190" type="method" name="getRelations" visibility="public" complexity="1" crap="1" count="74"/>
      <line num="193" type="stmt" count="74"/>
      <line num="196" type="method" name="getPages" visibility="public" complexity="1" crap="1" count="74"/>
      <line num="199" type="stmt" count="74"/>
      <line num="200" type="stmt" count="74"/>
      <line num="201" type="stmt" count="74"/>
      <metrics loc="205" ncloc="205" classes="1" methods="4" coveredmethods="4" conditionals="0" coveredconditionals="0" statements="129" coveredstatements="129" elements="133" coveredelements="133"/>
    </file>
    <file name="/home/mustika/code/last-training/app/Filament/Resources/ProductResource/Pages/CreateProduct.php">
      <class name="App\Filament\Resources\ProductResource\Pages\CreateProduct" namespace="global">
        <metrics complexity="0" methods="0" coveredmethods="0" conditionals="0" coveredconditionals="0" statements="0" coveredstatements="0" elements="0" coveredelements="0"/>
      </class>
      <metrics loc="13" ncloc="13" classes="0" methods="0" coveredmethods="0" conditionals="0" coveredconditionals="0" statements="0" coveredstatements="0" elements="0" coveredelements="0"/>
    </file>
    <file name="/home/mustika/code/last-training/app/Filament/Resources/ProductResource/Pages/EditProduct.php">
      <class name="App\Filament\Resources\ProductResource\Pages\EditProduct" namespace="global">
        <metrics complexity="1" methods="1" coveredmethods="1" conditionals="0" coveredconditionals="0" statements="1" coveredstatements="1" elements="2" coveredelements="2"/>
      </class>
      <line num="13" type="method" name="getActions" visibility="protected" complexity="1" crap="1" count="3"/>
      <line num="16" type="stmt" count="3"/>
      <metrics loc="20" ncloc="20" classes="1" methods="1" coveredmethods="1" conditionals="0" coveredconditionals="0" statements="1" coveredstatements="1" elements="2" coveredelements="2"/>
    </file>
    <file name="/home/mustika/code/last-training/app/Filament/Resources/ProductResource/Pages/ListProducts.php">
      <class name="App\Filament\Resources\ProductResource\Pages\ListProducts" namespace="global">
        <metrics complexity="1" methods="1" coveredmethods="1" conditionals="0" coveredconditionals="0" statements="1" coveredstatements="1" elements="2" coveredelements="2"/>
      </class>
      <line num="13" type="method" name="getActions" visibility="protected" complexity="1" crap="1" count="13"/>
      <line num="16" type="stmt" count="13"/>
      <metrics loc="20" ncloc="20" classes="1" methods="1" coveredmethods="1" conditionals="0" coveredconditionals="0" statements="1" coveredstatements="1" elements="2" coveredelements="2"/>
    </file>
    <file name="/home/mustika/code/last-training/app/Filament/Resources/ProductResource/RelationManagers/BrandsRelationManager.php">
      <class name="App\Filament\Resources\ProductResource\RelationManagers\BrandsRelationManager" namespace="global">
        <metrics complexity="2" methods="2" coveredmethods="0" conditionals="0" coveredconditionals="0" statements="14" coveredstatements="0" elements="16" coveredelements="0"/>
      </class>
      <line num="20" type="method" name="form" visibility="public" complexity="1" crap="2" count="0"/>
      <line num="23" type="stmt" count="0"/>
      <line num="24" type="stmt" count="0"/>
      <line num="25" type="stmt" count="0"/>
      <line num="26" type="stmt" count="0"/>
      <line num="30" type="method" name="table" visibility="public" complexity="1" crap="2" count="0"/>
      <line num="33" type="stmt" count="0"/>
      <line num="34" type="stmt" count="0"/>
      <line num="37" type="stmt" count="0"/>
      <line num="40" type="stmt" count="0"/>
      <line num="41" type="stmt" count="0"/>
      <line num="43" type="stmt" count="0"/>
      <line num="44" type="stmt" count="0"/>
      <line num="45" type="stmt" count="0"/>
      <line num="47" type="stmt" count="0"/>
      <line num="48" type="stmt" count="0"/>
      <metrics loc="52" ncloc="52" classes="1" methods="2" coveredmethods="0" conditionals="0" coveredconditionals="0" statements="14" coveredstatements="0" elements="16" coveredelements="0"/>
    </file>
    <file name="/home/mustika/code/last-training/app/Http/Controllers/Controller.php">
      <class name="App\Http\Controllers\Controller" namespace="global">
        <metrics complexity="0" methods="0" coveredmethods="0" conditionals="0" coveredconditionals="0" statements="0" coveredstatements="0" elements="0" coveredelements="0"/>
      </class>
      <metrics loc="14" ncloc="14" classes="0" methods="0" coveredmethods="0" conditionals="0" coveredconditionals="0" statements="0" coveredstatements="0" elements="0" coveredelements="0"/>
    </file>
    <file name="/home/mustika/code/last-training/app/Http/Kernel.php">
      <class name="App\Http\Kernel" namespace="global">
        <metrics complexity="0" methods="0" coveredmethods="0" conditionals="0" coveredconditionals="0" statements="0" coveredstatements="0" elements="0" coveredelements="0"/>
      </class>
      <metrics loc="68" ncloc="47" classes="0" methods="0" coveredmethods="0" conditionals="0" coveredconditionals="0" statements="0" coveredstatements="0" elements="0" coveredelements="0"/>
    </file>
    <file name="/home/mustika/code/last-training/app/Http/Middleware/Authenticate.php">
      <class name="App\Http\Middleware\Authenticate" namespace="global">
        <metrics complexity="2" methods="1" coveredmethods="0" conditionals="0" coveredconditionals="0" statements="2" coveredstatements="0" elements="3" coveredelements="0"/>
      </class>
      <line num="15" type="method" name="redirectTo" visibility="protected" complexity="2" crap="6" count="0"/>
      <line num="17" type="stmt" count="0"/>
      <line num="18" type="stmt" count="0"/>
      <metrics loc="22" ncloc="16" classes="1" methods="1" coveredmethods="0" conditionals="0" coveredconditionals="0" statements="2" coveredstatements="0" elements="3" coveredelements="0"/>
    </file>
    <file name="/home/mustika/code/last-training/app/Http/Middleware/EncryptCookies.php">
      <class name="App\Http\Middleware\EncryptCookies" namespace="global">
        <metrics complexity="0" methods="0" coveredmethods="0" conditionals="0" coveredconditionals="0" statements="0" coveredstatements="0" elements="0" coveredelements="0"/>
      </class>
      <metrics loc="18" ncloc="13" classes="0" methods="0" coveredmethods="0" conditionals="0" coveredconditionals="0" statements="0" coveredstatements="0" elements="0" coveredelements="0"/>
    </file>
    <file name="/home/mustika/code/last-training/app/Http/Middleware/PreventRequestsDuringMaintenance.php">
      <class name="App\Http\Middleware\PreventRequestsDuringMaintenance" namespace="global">
        <metrics complexity="0" methods="0" coveredmethods="0" conditionals="0" coveredconditionals="0" statements="0" coveredstatements="0" elements="0" coveredelements="0"/>
      </class>
      <metrics loc="18" ncloc="13" classes="0" methods="0" coveredmethods="0" conditionals="0" coveredconditionals="0" statements="0" coveredstatements="0" elements="0" coveredelements="0"/>
    </file>
    <file name="/home/mustika/code/last-training/app/Http/Middleware/RedirectIfAuthenticated.php">
      <class name="App\Http\Middleware\RedirectIfAuthenticated" namespace="global">
        <metrics complexity="4" methods="1" coveredmethods="0" conditionals="0" coveredconditionals="0" statements="5" coveredstatements="0" elements="6" coveredelements="0"/>
      </class>
      <line num="20" type="method" name="handle" visibility="public" complexity="4" crap="20" count="0"/>
      <line num="22" type="stmt" count="0"/>
      <line num="24" type="stmt" count="0"/>
      <line num="25" type="stmt" count="0"/>
      <line num="26" type="stmt" count="0"/>
      <line num="30" type="stmt" count="0"/>
      <metrics loc="33" ncloc="25" classes="1" methods="1" coveredmethods="0" conditionals="0" coveredconditionals="0" statements="5" coveredstatements="0" elements="6" coveredelements="0"/>
    </file>
    <file name="/home/mustika/code/last-training/app/Http/Middleware/TrimStrings.php">
      <class name="App\Http\Middleware\TrimStrings" namespace="global">
        <metrics complexity="0" methods="0" coveredmethods="0" conditionals="0" coveredconditionals="0" statements="0" coveredstatements="0" elements="0" coveredelements="0"/>
      </class>
      <metrics loc="20" ncloc="15" classes="0" methods="0" coveredmethods="0" conditionals="0" coveredconditionals="0" statements="0" coveredstatements="0" elements="0" coveredelements="0"/>
    </file>
    <file name="/home/mustika/code/last-training/app/Http/Middleware/TrustHosts.php">
      <class name="App\Http\Middleware\TrustHosts" namespace="global">
        <metrics complexity="1" methods="1" coveredmethods="0" conditionals="0" coveredconditionals="0" statements="1" coveredstatements="0" elements="2" coveredelements="0"/>
      </class>
      <line num="14" type="method" name="hosts" visibility="public" complexity="1" crap="2" count="0"/>
      <line num="17" type="stmt" count="0"/>
      <metrics loc="21" ncloc="16" classes="1" methods="1" coveredmethods="0" conditionals="0" coveredconditionals="0" statements="1" coveredstatements="0" elements="2" coveredelements="0"/>
    </file>
    <file name="/home/mustika/code/last-training/app/Http/Middleware/TrustProxies.php">
      <class name="App\Http\Middleware\TrustProxies" namespace="global">
        <metrics complexity="0" methods="0" coveredmethods="0" conditionals="0" coveredconditionals="0" statements="0" coveredstatements="0" elements="0" coveredelements="0"/>
      </class>
      <metrics loc="29" ncloc="19" classes="0" methods="0" coveredmethods="0" conditionals="0" coveredconditionals="0" statements="0" coveredstatements="0" elements="0" coveredelements="0"/>
    </file>
    <file name="/home/mustika/code/last-training/app/Http/Middleware/ValidateSignature.php">
      <class name="App\Http\Middleware\ValidateSignature" namespace="global">
        <metrics complexity="0" methods="0" coveredmethods="0" conditionals="0" coveredconditionals="0" statements="0" coveredstatements="0" elements="0" coveredelements="0"/>
      </class>
      <metrics loc="23" ncloc="18" classes="0" methods="0" coveredmethods="0" conditionals="0" coveredconditionals="0" statements="0" coveredstatements="0" elements="0" coveredelements="0"/>
    </file>
    <file name="/home/mustika/code/last-training/app/Http/Middleware/VerifyCsrfToken.php">
      <class name="App\Http\Middleware\VerifyCsrfToken" namespace="global">
        <metrics complexity="0" methods="0" coveredmethods="0" conditionals="0" coveredconditionals="0" statements="0" coveredstatements="0" elements="0" coveredelements="0"/>
      </class>
      <metrics loc="18" ncloc="13" classes="0" methods="0" coveredmethods="0" conditionals="0" coveredconditionals="0" statements="0" coveredstatements="0" elements="0" coveredelements="0"/>
    </file>
    <file name="/home/mustika/code/last-training/app/Models/Brand.php">
      <class name="App\Models\Brand" namespace="global">
        <metrics complexity="1" methods="1" coveredmethods="1" conditionals="0" coveredconditionals="0" statements="1" coveredstatements="1" elements="2" coveredelements="2"/>
      </class>
      <line num="17" type="method" name="products" visibility="public" complexity="1" crap="1" count="3"/>
      <line num="19" type="stmt" count="3"/>
      <metrics loc="22" ncloc="22" classes="1" methods="1" coveredmethods="1" conditionals="0" coveredconditionals="0" statements="1" coveredstatements="1" elements="2" coveredelements="2"/>
    </file>
    <file name="/home/mustika/code/last-training/app/Models/Category.php">
      <class name="App\Models\Category" namespace="global">
        <metrics complexity="2" methods="2" coveredmethods="1" conditionals="0" coveredconditionals="0" statements="2" coveredstatements="1" elements="4" coveredelements="2"/>
      </class>
      <line num="18" type="method" name="parent" visibility="public" complexity="1" crap="1" count="14"/>
      <line num="20" type="stmt" count="14"/>
      <line num="23" type="method" name="products" visibility="public" complexity="1" crap="2" count="0"/>
      <line num="25" type="stmt" count="0"/>
      <metrics loc="28" ncloc="28" classes="1" methods="2" coveredmethods="1" conditionals="0" coveredconditionals="0" statements="2" coveredstatements="1" elements="4" coveredelements="2"/>
    </file>
    <file name="/home/mustika/code/last-training/app/Models/Customer.php">
      <class name="App\Models\Customer" namespace="global">
        <metrics complexity="0" methods="0" coveredmethods="0" conditionals="0" coveredconditionals="0" statements="0" coveredstatements="0" elements="0" coveredelements="0"/>
      </class>
      <metrics loc="25" ncloc="25" classes="0" methods="0" coveredmethods="0" conditionals="0" coveredconditionals="0" statements="0" coveredstatements="0" elements="0" coveredelements="0"/>
    </file>
    <file name="/home/mustika/code/last-training/app/Models/Product.php">
      <class name="App\Models\Product" namespace="global">
        <metrics complexity="3" methods="3" coveredmethods="2" conditionals="0" coveredconditionals="0" statements="3" coveredstatements="2" elements="6" coveredelements="4"/>
      </class>
      <line num="43" type="method" name="User" visibility="public" complexity="1" crap="2" count="0"/>
      <line num="45" type="stmt" count="0"/>
      <line num="53" type="method" name="brand" visibility="public" complexity="1" crap="1" count="24"/>
      <line num="55" type="stmt" count="24"/>
      <line num="58" type="method" name="category" visibility="public" complexity="1" crap="1" count="24"/>
      <line num="60" type="stmt" count="24"/>
      <metrics loc="63" ncloc="57" classes="1" methods="3" coveredmethods="2" conditionals="0" coveredconditionals="0" statements="3" coveredstatements="2" elements="6" coveredelements="4"/>
    </file>
    <file name="/home/mustika/code/last-training/app/Models/User.php">
      <class name="App\Models\User" namespace="global">
        <metrics complexity="1" methods="1" coveredmethods="1" conditionals="0" coveredconditionals="0" statements="1" coveredstatements="1" elements="2" coveredelements="2"/>
      </class>
      <line num="50" type="method" name="canAccessFilament" visibility="public" complexity="1" crap="1" count="3"/>
      <line num="52" type="stmt" count="3"/>
      <metrics loc="55" ncloc="39" classes="1" methods="1" coveredmethods="1" conditionals="0" coveredconditionals="0" statements="1" coveredstatements="1" elements="2" coveredelements="2"/>
    </file>
    <file name="/home/mustika/code/last-training/app/Providers/AppServiceProvider.php">
      <class name="App\Providers\AppServiceProvider" namespace="global">
        <metrics complexity="2" methods="2" coveredmethods="2" conditionals="0" coveredconditionals="0" statements="2" coveredstatements="2" elements="4" coveredelements="4"/>
      </class>
      <line num="14" type="method" name="register" visibility="public" complexity="1" crap="1" count="74"/>
      <line num="17" type="stmt" count="74"/>
      <line num="24" type="method" name="boot" visibility="public" complexity="1" crap="1" count="74"/>
      <line num="27" type="stmt" count="74"/>
      <metrics loc="29" ncloc="17" classes="1" methods="2" coveredmethods="2" conditionals="0" coveredconditionals="0" statements="2" coveredstatements="2" elements="4" coveredelements="4"/>
    </file>
    <file name="/home/mustika/code/last-training/app/Providers/AuthServiceProvider.php">
      <class name="App\Providers\AuthServiceProvider" namespace="global">
        <metrics complexity="1" methods="1" coveredmethods="1" conditionals="0" coveredconditionals="0" statements="1" coveredstatements="1" elements="2" coveredelements="2"/>
      </class>
      <line num="24" type="method" name="boot" visibility="public" complexity="1" crap="1" count="74"/>
      <line num="26" type="stmt" count="74"/>
      <metrics loc="31" ncloc="19" classes="1" methods="1" coveredmethods="1" conditionals="0" coveredconditionals="0" statements="1" coveredstatements="1" elements="2" coveredelements="2"/>
    </file>
    <file name="/home/mustika/code/last-training/app/Providers/BroadcastServiceProvider.php">
      <class name="App\Providers\BroadcastServiceProvider" namespace="global">
        <metrics complexity="1" methods="1" coveredmethods="0" conditionals="0" coveredconditionals="0" statements="2" coveredstatements="0" elements="3" coveredelements="0"/>
      </class>
      <line num="15" type="method" name="boot" visibility="public" complexity="1" crap="2" count="0"/>
      <line num="17" type="stmt" count="0"/>
      <line num="19" type="stmt" count="0"/>
      <metrics loc="22" ncloc="17" classes="1" methods="1" coveredmethods="0" conditionals="0" coveredconditionals="0" statements="2" coveredstatements="0" elements="3" coveredelements="0"/>
    </file>
    <file name="/home/mustika/code/last-training/app/Providers/EventServiceProvider.php">
      <class name="App\Providers\EventServiceProvider" namespace="global">
        <metrics complexity="2" methods="2" coveredmethods="2" conditionals="0" coveredconditionals="0" statements="2" coveredstatements="2" elements="4" coveredelements="4"/>
      </class>
      <line num="28" type="method" name="boot" visibility="public" complexity="1" crap="1" count="74"/>
      <line num="31" type="stmt" count="74"/>
      <line num="38" type="method" name="shouldDiscoverEvents" visibility="public" complexity="1" crap="1" count="74"/>
      <line num="40" type="stmt" count="74"/>
      <metrics loc="43" ncloc="27" classes="1" methods="2" coveredmethods="2" conditionals="0" coveredconditionals="0" statements="2" coveredstatements="2" elements="4" coveredelements="4"/>
    </file>
    <file name="/home/mustika/code/last-training/app/Providers/RouteServiceProvider.php">
      <class name="App\Providers\RouteServiceProvider" namespace="global">
        <metrics complexity="3" methods="2" coveredmethods="1" conditionals="0" coveredconditionals="0" statements="9" coveredstatements="8" elements="11" coveredelements="9"/>
      </class>
      <line num="27" type="method" name="boot" visibility="public" complexity="1" crap="1" count="74"/>
      <line num="29" type="stmt" count="74"/>
      <line num="31" type="stmt" count="74"/>
      <line num="32" type="stmt" count="74"/>
      <line num="33" type="stmt" count="74"/>
      <line num="34" type="stmt" count="74"/>
      <line num="36" type="stmt" count="74"/>
      <line num="37" type="stmt" count="74"/>
      <line num="46" type="method" name="configureRateLimiting" visibility="protected" complexity="2" crap="2.50" count="74"/>
      <line num="48" type="stmt" count="74"/>
      <line num="49" type="stmt" count="0"/>
      <metrics loc="53" ncloc="36" classes="1" methods="2" coveredmethods="1" conditionals="0" coveredconditionals="0" statements="9" coveredstatements="8" elements="11" coveredelements="9"/>
    </file>
    <metrics files="43" loc="1698" ncloc="1506" classes="28" methods="49" coveredmethods="39" conditionals="0" coveredconditionals="0" statements="385" coveredstatements="357" elements="434" coveredelements="396"/>
  </project>
</coverage>
